Z:\WIN7FILES\DOCUMENTS\VISUAL STUDIO 2010\PROJECTS\OPT_METHODS_PROJECT1\DEBUG\OPT_METHODS_PROJECT1.EXE
Z:\WIN7FILES\DOCUMENTS\VISUAL STUDIO 2010\PROJECTS\OPT_METHODS_PROJECT1\DEBUG\OPT_METHODS_PROJECT1.ILK
Z:\WIN7FILES\DOCUMENTS\VISUAL STUDIO 2010\PROJECTS\OPT_METHODS_PROJECT1\DEBUG\OPT_METHODS_PROJECT1.PDB
Z:\Win7Files\Documents\Visual Studio 2010\Projects\Opt_Methods_Project1\Opt_Methods_Project1\Debug\cl.command.1.tlog
Z:\Win7Files\Documents\Visual Studio 2010\Projects\Opt_Methods_Project1\Opt_Methods_Project1\Debug\CL.read.1.tlog
Z:\Win7Files\Documents\Visual Studio 2010\Projects\Opt_Methods_Project1\Opt_Methods_Project1\Debug\CL.write.1.tlog
Z:\Win7Files\Documents\Visual Studio 2010\Projects\Opt_Methods_Project1\Opt_Methods_Project1\Debug\link.4556.read.1.tlog
Z:\Win7Files\Documents\Visual Studio 2010\Projects\Opt_Methods_Project1\Opt_Methods_Project1\Debug\link.4556.write.1.tlog
Z:\Win7Files\Documents\Visual Studio 2010\Projects\Opt_Methods_Project1\Opt_Methods_Project1\Debug\link.4556-cvtres.read.1.tlog
Z:\Win7Files\Documents\Visual Studio 2010\Projects\Opt_Methods_Project1\Opt_Methods_Project1\Debug\link.4556-cvtres.write.1.tlog
Z:\Win7Files\Documents\Visual Studio 2010\Projects\Opt_Methods_Project1\Opt_Methods_Project1\Debug\link.5480.read.1.tlog
Z:\Win7Files\Documents\Visual Studio 2010\Projects\Opt_Methods_Project1\Opt_Methods_Project1\Debug\link.5480.write.1.tlog
Z:\Win7Files\Documents\Visual Studio 2010\Projects\Opt_Methods_Project1\Opt_Methods_Project1\Debug\link.5480-cvtres.read.1.tlog
Z:\Win7Files\Documents\Visual Studio 2010\Projects\Opt_Methods_Project1\Opt_Methods_Project1\Debug\link.5480-cvtres.write.1.tlog
Z:\Win7Files\Documents\Visual Studio 2010\Projects\Opt_Methods_Project1\Opt_Methods_Project1\Debug\link.command.1.tlog
Z:\Win7Files\Documents\Visual Studio 2010\Projects\Opt_Methods_Project1\Opt_Methods_Project1\Debug\link.read.1.tlog
Z:\Win7Files\Documents\Visual Studio 2010\Projects\Opt_Methods_Project1\Opt_Methods_Project1\Debug\link.write.1.tlog
Z:\Win7Files\Documents\Visual Studio 2010\Projects\Opt_Methods_Project1\Opt_Methods_Project1\Debug\link-cvtres.read.1.tlog
Z:\Win7Files\Documents\Visual Studio 2010\Projects\Opt_Methods_Project1\Opt_Methods_Project1\Debug\link-cvtres.write.1.tlog
Z:\Win7Files\Documents\Visual Studio 2010\Projects\Opt_Methods_Project1\Opt_Methods_Project1\Debug\mt.command.1.tlog
Z:\Win7Files\Documents\Visual Studio 2010\Projects\Opt_Methods_Project1\Opt_Methods_Project1\Debug\mt.read.1.tlog
Z:\Win7Files\Documents\Visual Studio 2010\Projects\Opt_Methods_Project1\Opt_Methods_Project1\Debug\mt.write.1.tlog
Z:\WIN7FILES\DOCUMENTS\VISUAL STUDIO 2010\PROJECTS\OPT_METHODS_PROJECT1\OPT_METHODS_PROJECT1\DEBUG\OPT_METHODS_PROJECT1.EXE.EMBED.MANIFEST
Z:\WIN7FILES\DOCUMENTS\VISUAL STUDIO 2010\PROJECTS\OPT_METHODS_PROJECT1\OPT_METHODS_PROJECT1\DEBUG\OPT_METHODS_PROJECT1.EXE.EMBED.MANIFEST.RES
Z:\WIN7FILES\DOCUMENTS\VISUAL STUDIO 2010\PROJECTS\OPT_METHODS_PROJECT1\OPT_METHODS_PROJECT1\DEBUG\OPT_METHODS_PROJECT1.EXE.INTERMEDIATE.MANIFEST
Z:\WIN7FILES\DOCUMENTS\VISUAL STUDIO 2010\PROJECTS\OPT_METHODS_PROJECT1\OPT_METHODS_PROJECT1\DEBUG\OPT_METHODS_PROJECT1.OBJ
Z:\WIN7FILES\DOCUMENTS\VISUAL STUDIO 2010\PROJECTS\OPT_METHODS_PROJECT1\OPT_METHODS_PROJECT1\DEBUG\OPT_METHODS_PROJECT1.PCH
Z:\Win7Files\Documents\Visual Studio 2010\Projects\Opt_Methods_Project1\Opt_Methods_Project1\Debug\Opt_Methods_Project1_manifest.rc
Z:\Win7Files\Documents\Visual Studio 2010\Projects\Opt_Methods_Project1\Opt_Methods_Project1\Debug\rc.command.1.tlog
Z:\Win7Files\Documents\Visual Studio 2010\Projects\Opt_Methods_Project1\Opt_Methods_Project1\Debug\rc.read.1.tlog
Z:\Win7Files\Documents\Visual Studio 2010\Projects\Opt_Methods_Project1\Opt_Methods_Project1\Debug\rc.write.1.tlog
Z:\WIN7FILES\DOCUMENTS\VISUAL STUDIO 2010\PROJECTS\OPT_METHODS_PROJECT1\OPT_METHODS_PROJECT1\DEBUG\STDAFX.OBJ
Z:\Win7Files\Documents\Visual Studio 2010\Projects\Opt_Methods_Project1\Opt_Methods_Project1\Debug\vc100.idb
Z:\WIN7FILES\DOCUMENTS\VISUAL STUDIO 2010\PROJECTS\OPT_METHODS_PROJECT1\OPT_METHODS_PROJECT1\DEBUG\VC100.PDB
