Build started 1/16/2014 3:14:30 PM.
     1>Project "Z:\Win7Files\Documents\Visual Studio 2010\Projects\Opt_Methods_Project1\holsca-1a\holsca-1a.vcxproj" on node 2 (build target(s)).
     1>InitializeBuildStatus:
         Creating "Debug\holsca-1a.unsuccessfulbuild" because "AlwaysCreate" was specified.
       ClCompile:
         C:\Program Files (x86)\Microsoft Visual Studio 10.0\VC\bin\CL.exe /c /ZI /nologo /W3 /WX- /Od /Oy- /D WIN32 /D _DEBUG /D _CONSOLE /D _UNICODE /D UNICODE /Gm /EHsc /RTC1 /MDd /GS /fp:precise /Zc:wchar_t /Zc:forScope /Yc"StdAfx.h" /Fp"Debug\holsca-1a.pch" /Fo"Debug\\" /Fd"Debug\vc100.pdb" /Gd /TP /analyze- /errorReport:prompt stdafx.cpp
         stdafx.cpp
         C:\Program Files (x86)\Microsoft Visual Studio 10.0\VC\bin\CL.exe /c /ZI /nologo /W3 /WX- /Od /Oy- /D WIN32 /D _DEBUG /D _CONSOLE /D _UNICODE /D UNICODE /Gm /EHsc /RTC1 /MDd /GS /fp:precise /Zc:wchar_t /Zc:forScope /Yu"StdAfx.h" /Fp"Debug\holsca-1a.pch" /Fo"Debug\\" /Fd"Debug\vc100.pdb" /Gd /TP /analyze- /errorReport:prompt program.cpp
         program.cpp
     1>z:\win7files\documents\visual studio 2010\projects\opt_methods_project1\holsca-1a\program.cpp(126): warning C4996: 'getch': The POSIX name for this item is deprecated. Instead, use the ISO C++ conformant name: _getch. See online help for details.
                 c:\program files (x86)\microsoft visual studio 10.0\vc\include\conio.h(128) : see declaration of 'getch'
     1>z:\win7files\documents\visual studio 2010\projects\opt_methods_project1\holsca-1a\program.cpp(133): warning C4018: '<' : signed/unsigned mismatch
     1>z:\win7files\documents\visual studio 2010\projects\opt_methods_project1\holsca-1a\program.cpp(156): warning C4244: 'argument' : conversion from 'time_t' to 'unsigned int', possible loss of data
       ManifestResourceCompile:
         C:\Program Files (x86)\Microsoft SDKs\Windows\v7.0A\bin\rc.exe /nologo /fo"Debug\holsca-1a.exe.embed.manifest.res" Debug\holsca-1a_manifest.rc 
       Link:
         C:\Program Files (x86)\Microsoft Visual Studio 10.0\VC\bin\link.exe /ERRORREPORT:PROMPT /OUT:"Z:\Win7Files\Documents\Visual Studio 2010\Projects\Opt_Methods_Project1\holsca-1a\Debug\holsca-1a.exe" /INCREMENTAL /NOLOGO kernel32.lib user32.lib gdi32.lib winspool.lib comdlg32.lib advapi32.lib shell32.lib ole32.lib oleaut32.lib uuid.lib odbc32.lib odbccp32.lib /MANIFEST /ManifestFile:"Debug\holsca-1a.exe.intermediate.manifest" /MANIFESTUAC:"level='asInvoker' uiAccess='false'" /DEBUG /PDB:"Z:\Win7Files\Documents\Visual Studio 2010\Projects\Opt_Methods_Project1\holsca-1a\Debug\holsca-1a.pdb" /SUBSYSTEM:CONSOLE /TLBID:1 /DYNAMICBASE /NXCOMPAT /IMPLIB:"Z:\Win7Files\Documents\Visual Studio 2010\Projects\Opt_Methods_Project1\holsca-1a\Debug\holsca-1a.lib" /MACHINE:X86 "Debug\holsca-1a.exe.embed.manifest.res"
         Debug\program.obj
         Debug\stdafx.obj
       Manifest:
         C:\Program Files (x86)\Microsoft SDKs\Windows\v7.0A\bin\mt.exe /nologo /verbose /out:"Debug\holsca-1a.exe.embed.manifest" /manifest "Debug\holsca-1a.exe.intermediate.manifest"
         All outputs are up-to-date.
       LinkEmbedManifest:
         All outputs are up-to-date.
         holsca-1a.vcxproj -> Z:\Win7Files\Documents\Visual Studio 2010\Projects\Opt_Methods_Project1\holsca-1a\Debug\holsca-1a.exe
       FinalizeBuildStatus:
         Deleting file "Debug\holsca-1a.unsuccessfulbuild".
         Touching "Debug\holsca-1a.lastbuildstate".
     1>Done Building Project "Z:\Win7Files\Documents\Visual Studio 2010\Projects\Opt_Methods_Project1\holsca-1a\holsca-1a.vcxproj" (build target(s)).

Build succeeded.

Time Elapsed 00:00:23.85
